[2015-10-16 10:19:37 INFO] Begin Time:  2015-10-16 10:19:37
[2015-10-16 10:19:37 INFO] [Starting 8 : /home/jiajun/apoorve/ipdps/ieeeclusterproject/splash2_bench/codes/apps/ocean/contiguous_partitions/OCEANC -n258 -p2 -e1e-07 -r20000 -t2]
[2015-10-16 10:19:37 INFO] Launching App: 8
[2015-10-16 10:19:37 INFO] Final launch command: STATFILE= STATGEN= taskset -c 0-15  /home/jiajun/apoorve/ipdps/ieeeclusterproject/dmtcp/bin/dmtcp_launch -i 5 --with-plugin /home/jiajun/apoorve/ipdps/ieeeclusterproject/dmtcp/src/plugin/myplug/dmtcp_myplughijack.so --port 46619 --modify-env --no-gzip /home/jiajun/apoorve/ipdps/ieeeclusterproject/splash2_bench/codes/apps/ocean/contiguous_partitions/OCEANC -n258 -p2 -e1e-07 -r20000 -t2 >> /home/jiajun/apoorve/ipdps/ieeeclusterproject/log/init_app_and_chkpt_a.log 2>&1 
[2015-10-16 10:19:37 INFO] after launch: 8
[2015-10-16 10:19:37 INFO] [Starting 12 : /home/jiajun/apoorve/ipdps/ieeeclusterproject/splash2_bench/codes/kernels/radix/RADIX -p4 -r16 -n2121440000 -m15]
[2015-10-16 10:19:37 INFO] Launching App: 12
[2015-10-16 10:19:37 INFO] Final launch command: STATFILE= STATGEN= taskset -c 0-15  /home/jiajun/apoorve/ipdps/ieeeclusterproject/dmtcp/bin/dmtcp_launch -i 5 --with-plugin /home/jiajun/apoorve/ipdps/ieeeclusterproject/dmtcp/src/plugin/myplug/dmtcp_myplughijack.so --port 45516 --modify-env --no-gzip /home/jiajun/apoorve/ipdps/ieeeclusterproject/splash2_bench/codes/kernels/radix/RADIX -p4 -r16 -n2121440000 -m15 >> /home/jiajun/apoorve/ipdps/ieeeclusterproject/log/init_app_and_chkpt_a.log 2>&1 
[2015-10-16 10:19:37 INFO] after launch: 12
[2015-10-16 10:19:37 INFO] [Starting 5 : /home/jiajun/apoorve/ipdps/ieeeclusterproject/splash2_bench/codes/kernels/lu/contiguous_blocks/LUC -n9500 -p1 -b8]
[2015-10-16 10:19:37 INFO] Launching App: 5
[2015-10-16 10:19:37 INFO] Final launch command: STATFILE= STATGEN= taskset -c 0-15  /home/jiajun/apoorve/ipdps/ieeeclusterproject/dmtcp/bin/dmtcp_launch -i 5 --with-plugin /home/jiajun/apoorve/ipdps/ieeeclusterproject/dmtcp/src/plugin/myplug/dmtcp_myplughijack.so --port 43645 --modify-env --no-gzip /home/jiajun/apoorve/ipdps/ieeeclusterproject/splash2_bench/codes/kernels/lu/contiguous_blocks/LUC -n9500 -p1 -b8 >> /home/jiajun/apoorve/ipdps/ieeeclusterproject/log/init_app_and_chkpt_a.log 2>&1 
[2015-10-16 10:19:37 INFO] after launch: 5
[2015-10-16 10:19:37 INFO] [Starting 4 : echo "1.5e-16 216 90000 6 0 0 10000 0 8 6.212752" > /tmp/input ; /home/jiajun/apoorve/ipdps/ieeeclusterproject/splash2_bench/codes/apps/water-nsquared/WATER-NSQUARED < /tmp/input]
[2015-10-16 10:19:37 INFO] Launching App: 4
[2015-10-16 10:19:37 INFO] Final launch command: echo "1.5e-16 216 90000 6 0 0 10000 0 8 6.212752" > /tmp/input  ; STATFILE= STATGEN= taskset -c 0-15  /home/jiajun/apoorve/ipdps/ieeeclusterproject/dmtcp/bin/dmtcp_launch -i 5 --with-plugin /home/jiajun/apoorve/ipdps/ieeeclusterproject/dmtcp/src/plugin/myplug/dmtcp_myplughijack.so --port 60535 --modify-env --no-gzip /home/jiajun/apoorve/ipdps/ieeeclusterproject/splash2_bench/codes/apps/water-nsquared/WATER-NSQUARED < /tmp/input >> /home/jiajun/apoorve/ipdps/ieeeclusterproject/log/init_app_and_chkpt_a.log 2>&1 
[2015-10-16 10:19:37 INFO] after launch: 4
[2015-10-16 10:19:37 INFO] [Starting 7 : /home/jiajun/apoorve/ipdps/ieeeclusterproject/splash2_bench/codes/kernels/lu/contiguous_blocks/LUC -n9500 -p1 -b8]
[2015-10-16 10:19:37 INFO] Launching App: 7
[2015-10-16 10:19:37 INFO] Final launch command: STATFILE= STATGEN= taskset -c 0-15  /home/jiajun/apoorve/ipdps/ieeeclusterproject/dmtcp/bin/dmtcp_launch -i 5 --with-plugin /home/jiajun/apoorve/ipdps/ieeeclusterproject/dmtcp/src/plugin/myplug/dmtcp_myplughijack.so --port 40098 --modify-env --no-gzip /home/jiajun/apoorve/ipdps/ieeeclusterproject/splash2_bench/codes/kernels/lu/contiguous_blocks/LUC -n9500 -p1 -b8 >> /home/jiajun/apoorve/ipdps/ieeeclusterproject/log/init_app_and_chkpt_a.log 2>&1 
[2015-10-16 10:19:37 INFO] after launch: 7
dmtcp_coordinator starting...
    Host: node012 (172.16.0.22)
    Port: 46619
    Checkpoint Interval: 5
    Exit on last client: 1
Backgrounding...
dmtcp_coordinator starting...
    Host: node012 (172.16.0.22)
    Port: 45516
    Checkpoint Interval: 5
    Exit on last client: 1
Backgrounding...
dmtcp_coordinator starting...
    Host: node012 (172.16.0.22)
    Port: 43645
    Checkpoint Interval: 5
    Exit on last client: 1
Backgrounding...
dmtcp_coordinator starting...
    Host: node012 (172.16.0.22)
    Port: 60535
    Checkpoint Interval: 5
    Exit on last client: 1
Backgrounding...
dmtcp_coordinator starting...
    Host: node012 (172.16.0.22)
    Port: 40098
    Checkpoint Interval: 5
    Exit on last client: 1
Backgrounding...
Using 8 procs on 90000 steps of 216 mols
Other parameters:
	TSTEP = 1.50e-16
	NORDER = 6
	NSAVE = 0
	NRST = 0
	NPRINT = 10000
	NFMC = 0
	CUTOFF = 6.212752


TEMPERATURE                =   298.00 K
DENSITY                    =  0.99800 G/C.C.
NUMBER OF MOLECULES        =      216
NUMBER OF PROCESSORS       =        8
TIME STEP                  = 1.50e-01 SEC
ORDER USED TO SOLVE F=MA   =        6 
NO. OF TIME STEPS          =    90000 
FREQUENCY OF DATA SAVING   =        0 
FREQUENCY TO WRITE RST FILE=        0 
SPHERICAL CUTOFF RADIUS    =   6.2128 ANGSTROM

NS = 5.9999899999999995
BOXL =  18.638257
CUTOFF =   6.212752
XS =   3.106381
ZERO = 1.55319
WCOS = 0.585882
WSIN = 0.756950
***** NEW RUN STARTING FROM REGULAR LATTICE *****

Ocean simulation with W-cycle multigrid solver
    Processors                         : 2
    Grid size                          : 258 x 258
    Grid resolution (meters)           : 20000.00
    Time between relaxations (seconds) : 2
    Error tolerance                    : 1e-07




Blocked Dense LU Factorization
     9500 by 9500 Matrix
     1 Processors
     8 by 8 Element Blocks



[2015-10-16 10:19:45 INFO] App Finished: 5
[2015-10-16 10:19:45 INFO] App Finished: 4
[2015-10-16 10:19:45 INFO] App Finished: 8

Blocked Dense LU Factorization
     9500 by 9500 Matrix
     1 Processors
     8 by 8 Element Blocks



[2015-10-16 10:19:47 INFO] App Finished: 7

Integer Radix Sort
     2121440000 Keys
     4 Processors
     Radix = 16
     Max key = 15


[2015-10-16 10:19:51 INFO] App Finished: 12
[2015-10-16 10:19:51 INFO] [Starting 1 : echo "1.5e-16 216 90000 6 0 0 10000 0 16 6.212752" > /tmp/input ; /home/jiajun/apoorve/ipdps/ieeeclusterproject/splash2_bench/codes/apps/water-nsquared/WATER-NSQUARED < /tmp/input]
[2015-10-16 10:19:51 INFO] Launching App: 1
[2015-10-16 10:19:51 INFO] Final launch command: echo "1.5e-16 216 90000 6 0 0 10000 0 16 6.212752" > /tmp/input  ; STATFILE= STATGEN= taskset -c 0-15  /home/jiajun/apoorve/ipdps/ieeeclusterproject/dmtcp/bin/dmtcp_launch -i 5 --with-plugin /home/jiajun/apoorve/ipdps/ieeeclusterproject/dmtcp/src/plugin/myplug/dmtcp_myplughijack.so --port 55848 --modify-env --no-gzip /home/jiajun/apoorve/ipdps/ieeeclusterproject/splash2_bench/codes/apps/water-nsquared/WATER-NSQUARED < /tmp/input >> /home/jiajun/apoorve/ipdps/ieeeclusterproject/log/init_app_and_chkpt_a.log 2>&1 
[2015-10-16 10:19:51 INFO] after launch: 1
dmtcp_coordinator starting...
    Host: node012 (172.16.0.22)
    Port: 55848
    Checkpoint Interval: 5
    Exit on last client: 1
Backgrounding...
Using 16 procs on 90000 steps of 216 mols
Other parameters:
	TSTEP = 1.50e-16
	NORDER = 6
	NSAVE = 0
	NRST = 0
	NPRINT = 10000
	NFMC = 0
	CUTOFF = 6.212752


TEMPERATURE                =   298.00 K
DENSITY                    =  0.99800 G/C.C.
NUMBER OF MOLECULES        =      216
NUMBER OF PROCESSORS       =       16
TIME STEP                  = 1.50e-01 SEC
ORDER USED TO SOLVE F=MA   =        6 
NO. OF TIME STEPS          =    90000 
FREQUENCY OF DATA SAVING   =        0 
FREQUENCY TO WRITE RST FILE=        0 
SPHERICAL CUTOFF RADIUS    =   6.2128 ANGSTROM

NS = 5.9999899999999995
BOXL =  18.638257
CUTOFF =   6.212752
XS =   3.106381
ZERO = 1.55319
WCOS = 0.585882
WSIN = 0.756950
***** NEW RUN STARTING FROM REGULAR LATTICE *****

[2015-10-16 10:19:59 INFO] App Finished: 1
[2015-10-16 10:19:59 INFO] [Starting 19 : /home/jiajun/apoorve/ipdps/ieeeclusterproject/splash2_bench/codes/apps/ocean/contiguous_partitions/OCEANC -n258 -p2 -e1e-07 -r20000 -t2]
[2015-10-16 10:19:59 INFO] Launching App: 19
[2015-10-16 10:19:59 INFO] Final launch command: STATFILE= STATGEN= taskset -c 0-15  /home/jiajun/apoorve/ipdps/ieeeclusterproject/dmtcp/bin/dmtcp_launch -i 5 --with-plugin /home/jiajun/apoorve/ipdps/ieeeclusterproject/dmtcp/src/plugin/myplug/dmtcp_myplughijack.so --port 56561 --modify-env --no-gzip /home/jiajun/apoorve/ipdps/ieeeclusterproject/splash2_bench/codes/apps/ocean/contiguous_partitions/OCEANC -n258 -p2 -e1e-07 -r20000 -t2 >> /home/jiajun/apoorve/ipdps/ieeeclusterproject/log/init_app_and_chkpt_a.log 2>&1 
[2015-10-16 10:19:59 INFO] after launch: 19
[2015-10-16 10:19:59 INFO] [Starting 13 : /home/jiajun/apoorve/ipdps/ieeeclusterproject/splash2_bench/codes/kernels/lu/non_contiguous_blocks/LUNC -n9500 -p2 -b8]
[2015-10-16 10:19:59 INFO] Launching App: 13
[2015-10-16 10:19:59 INFO] Final launch command: STATFILE= STATGEN= taskset -c 0-15  /home/jiajun/apoorve/ipdps/ieeeclusterproject/dmtcp/bin/dmtcp_launch -i 5 --with-plugin /home/jiajun/apoorve/ipdps/ieeeclusterproject/dmtcp/src/plugin/myplug/dmtcp_myplughijack.so --port 57977 --modify-env --no-gzip /home/jiajun/apoorve/ipdps/ieeeclusterproject/splash2_bench/codes/kernels/lu/non_contiguous_blocks/LUNC -n9500 -p2 -b8 >> /home/jiajun/apoorve/ipdps/ieeeclusterproject/log/init_app_and_chkpt_a.log 2>&1 
[2015-10-16 10:19:59 INFO] after launch: 13
[2015-10-16 10:19:59 INFO] [Starting 2 : /home/jiajun/apoorve/ipdps/ieeeclusterproject/splash2_bench/codes/kernels/radix/RADIX -p8 -r16 -n2121440000 -m15]
[2015-10-16 10:19:59 INFO] Launching App: 2
[2015-10-16 10:19:59 INFO] Final launch command: STATFILE= STATGEN= taskset -c 0-15  /home/jiajun/apoorve/ipdps/ieeeclusterproject/dmtcp/bin/dmtcp_launch -i 5 --with-plugin /home/jiajun/apoorve/ipdps/ieeeclusterproject/dmtcp/src/plugin/myplug/dmtcp_myplughijack.so --port 48189 --modify-env --no-gzip /home/jiajun/apoorve/ipdps/ieeeclusterproject/splash2_bench/codes/kernels/radix/RADIX -p8 -r16 -n2121440000 -m15 >> /home/jiajun/apoorve/ipdps/ieeeclusterproject/log/init_app_and_chkpt_a.log 2>&1 
[2015-10-16 10:19:59 INFO] after launch: 2
[2015-10-16 10:19:59 INFO] [Starting 15 : /home/jiajun/apoorve/ipdps/ieeeclusterproject/splash2_bench/codes/kernels/lu/non_contiguous_blocks/LUNC -n9500 -p4 -b8]
[2015-10-16 10:19:59 INFO] Launching App: 15
[2015-10-16 10:19:59 INFO] Final launch command: STATFILE= STATGEN= taskset -c 0-15  /home/jiajun/apoorve/ipdps/ieeeclusterproject/dmtcp/bin/dmtcp_launch -i 5 --with-plugin /home/jiajun/apoorve/ipdps/ieeeclusterproject/dmtcp/src/plugin/myplug/dmtcp_myplughijack.so --port 59834 --modify-env --no-gzip /home/jiajun/apoorve/ipdps/ieeeclusterproject/splash2_bench/codes/kernels/lu/non_contiguous_blocks/LUNC -n9500 -p4 -b8 >> /home/jiajun/apoorve/ipdps/ieeeclusterproject/log/init_app_and_chkpt_a.log 2>&1 
[2015-10-16 10:19:59 INFO] after launch: 15
dmtcp_coordinator starting...
    Host: node012 (172.16.0.22)
    Port: 56561
    Checkpoint Interval: 5
    Exit on last client: 1
Backgrounding...
dmtcp_coordinator starting...
    Host: node012 (172.16.0.22)
    Port: 57977
    Checkpoint Interval: 5
    Exit on last client: 1
Backgrounding...
dmtcp_coordinator starting...
    Host: node012 (172.16.0.22)
    Port: 48189
    Checkpoint Interval: 5
    Exit on last client: 1
Backgrounding...
dmtcp_coordinator starting...
    Host: node012 (172.16.0.22)
    Port: 59834
    Checkpoint Interval: 5
    Exit on last client: 1
Backgrounding...

Ocean simulation with W-cycle multigrid solver
    Processors                         : 2
    Grid size                          : 258 x 258
    Grid resolution (meters)           : 20000.00
    Time between relaxations (seconds) : 2
    Error tolerance                    : 1e-07


[2015-10-16 10:20:05 INFO] App Finished: 19

Blocked Dense LU Factorization
     9500 by 9500 Matrix
     4 Processors
     8 by 8 Element Blocks




Blocked Dense LU Factorization
     9500 by 9500 Matrix
     2 Processors
     8 by 8 Element Blocks



[2015-10-16 10:20:09 INFO] App Finished: 13
[2015-10-16 10:20:09 INFO] App Finished: 15
[2015-10-16 10:20:09 INFO] [Starting 14 : /home/jiajun/apoorve/ipdps/ieeeclusterproject/splash2_bench/codes/kernels/radix/RADIX -p8 -r16 -n2121440000 -m15]
[2015-10-16 10:20:09 INFO] Launching App: 14
[2015-10-16 10:20:09 INFO] Final launch command: STATFILE= STATGEN= taskset -c 0-15  /home/jiajun/apoorve/ipdps/ieeeclusterproject/dmtcp/bin/dmtcp_launch -i 5 --with-plugin /home/jiajun/apoorve/ipdps/ieeeclusterproject/dmtcp/src/plugin/myplug/dmtcp_myplughijack.so --port 38050 --modify-env --no-gzip /home/jiajun/apoorve/ipdps/ieeeclusterproject/splash2_bench/codes/kernels/radix/RADIX -p8 -r16 -n2121440000 -m15 >> /home/jiajun/apoorve/ipdps/ieeeclusterproject/log/init_app_and_chkpt_a.log 2>&1 
[2015-10-16 10:20:09 INFO] after launch: 14
dmtcp_coordinator starting...
    Host: node012 (172.16.0.22)
    Port: 38050
    Checkpoint Interval: 5
    Exit on last client: 1
Backgrounding...

Integer Radix Sort
     2121440000 Keys
     8 Processors
     Radix = 16
     Max key = 15


[2015-10-16 10:20:13 INFO] App Finished: 2
[2015-10-16 10:20:13 INFO] [Starting 3 : /home/jiajun/apoorve/ipdps/ieeeclusterproject/splash2_bench/codes/kernels/radix/RADIX -p8 -r16 -n2121440000 -m15]
[2015-10-16 10:20:13 INFO] Launching App: 3
[2015-10-16 10:20:13 INFO] Final launch command: STATFILE= STATGEN= taskset -c 0-15  /home/jiajun/apoorve/ipdps/ieeeclusterproject/dmtcp/bin/dmtcp_launch -i 5 --with-plugin /home/jiajun/apoorve/ipdps/ieeeclusterproject/dmtcp/src/plugin/myplug/dmtcp_myplughijack.so --port 57940 --modify-env --no-gzip /home/jiajun/apoorve/ipdps/ieeeclusterproject/splash2_bench/codes/kernels/radix/RADIX -p8 -r16 -n2121440000 -m15 >> /home/jiajun/apoorve/ipdps/ieeeclusterproject/log/init_app_and_chkpt_a.log 2>&1 
[2015-10-16 10:20:13 INFO] after launch: 3
dmtcp_coordinator starting...
    Host: node012 (172.16.0.22)
    Port: 57940
    Checkpoint Interval: 5
    Exit on last client: 1
Backgrounding...

Integer Radix Sort
     2121440000 Keys
     8 Processors
     Radix = 16
     Max key = 15


[2015-10-16 10:20:25 INFO] App Finished: 14
[2015-10-16 10:20:25 INFO] [Starting 17 : /home/jiajun/apoorve/ipdps/ieeeclusterproject/splash2_bench/codes/kernels/radix/RADIX -p8 -r16 -n2121440000 -m15]
[2015-10-16 10:20:25 INFO] Launching App: 17
[2015-10-16 10:20:25 INFO] Final launch command: STATFILE= STATGEN= taskset -c 0-15  /home/jiajun/apoorve/ipdps/ieeeclusterproject/dmtcp/bin/dmtcp_launch -i 5 --with-plugin /home/jiajun/apoorve/ipdps/ieeeclusterproject/dmtcp/src/plugin/myplug/dmtcp_myplughijack.so --port 36003 --modify-env --no-gzip /home/jiajun/apoorve/ipdps/ieeeclusterproject/splash2_bench/codes/kernels/radix/RADIX -p8 -r16 -n2121440000 -m15 >> /home/jiajun/apoorve/ipdps/ieeeclusterproject/log/init_app_and_chkpt_a.log 2>&1 
[2015-10-16 10:20:25 INFO] after launch: 17
dmtcp_coordinator starting...
    Host: node012 (172.16.0.22)
    Port: 36003
    Checkpoint Interval: 5
    Exit on last client: 1
Backgrounding...

Integer Radix Sort
     2121440000 Keys
     8 Processors
     Radix = 16
     Max key = 15


[2015-10-16 10:20:27 INFO] App Finished: 3

Integer Radix Sort
     2121440000 Keys
     8 Processors
     Radix = 16
     Max key = 15


[2015-10-16 10:20:39 INFO] App Finished: 17
[2015-10-16 10:20:39 INFO] [Starting 6 : echo "1.5e-16 216 90000 6 0 0 10000 0 16 6.212752" > /tmp/input ; /home/jiajun/apoorve/ipdps/ieeeclusterproject/splash2_bench/codes/apps/water-nsquared/WATER-NSQUARED < /tmp/input]
[2015-10-16 10:20:39 INFO] Launching App: 6
[2015-10-16 10:20:39 INFO] Final launch command: echo "1.5e-16 216 90000 6 0 0 10000 0 16 6.212752" > /tmp/input  ; STATFILE= STATGEN= taskset -c 0-15  /home/jiajun/apoorve/ipdps/ieeeclusterproject/dmtcp/bin/dmtcp_launch -i 5 --with-plugin /home/jiajun/apoorve/ipdps/ieeeclusterproject/dmtcp/src/plugin/myplug/dmtcp_myplughijack.so --port 54236 --modify-env --no-gzip /home/jiajun/apoorve/ipdps/ieeeclusterproject/splash2_bench/codes/apps/water-nsquared/WATER-NSQUARED < /tmp/input >> /home/jiajun/apoorve/ipdps/ieeeclusterproject/log/init_app_and_chkpt_a.log 2>&1 
[2015-10-16 10:20:39 INFO] after launch: 6
dmtcp_coordinator starting...
    Host: node012 (172.16.0.22)
    Port: 54236
    Checkpoint Interval: 5
    Exit on last client: 1
Backgrounding...
Using 16 procs on 90000 steps of 216 mols
Other parameters:
	TSTEP = 1.50e-16
	NORDER = 6
	NSAVE = 0
	NRST = 0
	NPRINT = 10000
	NFMC = 0
	CUTOFF = 6.212752


TEMPERATURE                =   298.00 K
DENSITY                    =  0.99800 G/C.C.
NUMBER OF MOLECULES        =      216
NUMBER OF PROCESSORS       =       16
TIME STEP                  = 1.50e-01 SEC
ORDER USED TO SOLVE F=MA   =        6 
NO. OF TIME STEPS          =    90000 
FREQUENCY OF DATA SAVING   =        0 
FREQUENCY TO WRITE RST FILE=        0 
SPHERICAL CUTOFF RADIUS    =   6.2128 ANGSTROM

NS = 5.9999899999999995
BOXL =  18.638257
CUTOFF =   6.212752
XS =   3.106381
ZERO = 1.55319
WCOS = 0.585882
WSIN = 0.756950
***** NEW RUN STARTING FROM REGULAR LATTICE *****

[2015-10-16 10:20:47 INFO] App Finished: 6
[2015-10-16 10:20:47 INFO] [Starting 10 : echo "1.5e-16 216 90000 6 0 0 10000 0 16 6.212752" > /tmp/input ; /home/jiajun/apoorve/ipdps/ieeeclusterproject/splash2_bench/codes/apps/water-nsquared/WATER-NSQUARED < /tmp/input]
[2015-10-16 10:20:47 INFO] Launching App: 10
[2015-10-16 10:20:47 INFO] Final launch command: echo "1.5e-16 216 90000 6 0 0 10000 0 16 6.212752" > /tmp/input  ; STATFILE= STATGEN= taskset -c 0-15  /home/jiajun/apoorve/ipdps/ieeeclusterproject/dmtcp/bin/dmtcp_launch -i 5 --with-plugin /home/jiajun/apoorve/ipdps/ieeeclusterproject/dmtcp/src/plugin/myplug/dmtcp_myplughijack.so --port 59306 --modify-env --no-gzip /home/jiajun/apoorve/ipdps/ieeeclusterproject/splash2_bench/codes/apps/water-nsquared/WATER-NSQUARED < /tmp/input >> /home/jiajun/apoorve/ipdps/ieeeclusterproject/log/init_app_and_chkpt_a.log 2>&1 
[2015-10-16 10:20:47 INFO] after launch: 10
dmtcp_coordinator starting...
    Host: node012 (172.16.0.22)
    Port: 59306
    Checkpoint Interval: 5
    Exit on last client: 1
Backgrounding...
Using 16 procs on 90000 steps of 216 mols
Other parameters:
	TSTEP = 1.50e-16
	NORDER = 6
	NSAVE = 0
	NRST = 0
	NPRINT = 10000
	NFMC = 0
	CUTOFF = 6.212752


TEMPERATURE                =   298.00 K
DENSITY                    =  0.99800 G/C.C.
NUMBER OF MOLECULES        =      216
NUMBER OF PROCESSORS       =       16
TIME STEP                  = 1.50e-01 SEC
ORDER USED TO SOLVE F=MA   =        6 
NO. OF TIME STEPS          =    90000 
FREQUENCY OF DATA SAVING   =        0 
FREQUENCY TO WRITE RST FILE=        0 
SPHERICAL CUTOFF RADIUS    =   6.2128 ANGSTROM

NS = 5.9999899999999995
BOXL =  18.638257
CUTOFF =   6.212752
XS =   3.106381
ZERO = 1.55319
WCOS = 0.585882
WSIN = 0.756950
***** NEW RUN STARTING FROM REGULAR LATTICE *****

[2015-10-16 10:20:55 INFO] App Finished: 10
[2015-10-16 10:20:55 INFO] [Starting 9 : /home/jiajun/apoorve/ipdps/ieeeclusterproject/splash2_bench/codes/apps/ocean/contiguous_partitions/OCEANC -n258 -p8 -e1e-07 -r20000 -t2]
[2015-10-16 10:20:55 INFO] Launching App: 9
[2015-10-16 10:20:55 INFO] Final launch command: STATFILE= STATGEN= taskset -c 0-15  /home/jiajun/apoorve/ipdps/ieeeclusterproject/dmtcp/bin/dmtcp_launch -i 5 --with-plugin /home/jiajun/apoorve/ipdps/ieeeclusterproject/dmtcp/src/plugin/myplug/dmtcp_myplughijack.so --port 48520 --modify-env --no-gzip /home/jiajun/apoorve/ipdps/ieeeclusterproject/splash2_bench/codes/apps/ocean/contiguous_partitions/OCEANC -n258 -p8 -e1e-07 -r20000 -t2 >> /home/jiajun/apoorve/ipdps/ieeeclusterproject/log/init_app_and_chkpt_a.log 2>&1 
[2015-10-16 10:20:56 INFO] after launch: 9
[2015-10-16 10:20:56 INFO] [Starting 16 : echo "1.5e-16 216 90000 6 0 0 10000 0 8 6.212752" > /tmp/input ; /home/jiajun/apoorve/ipdps/ieeeclusterproject/splash2_bench/codes/apps/water-nsquared/WATER-NSQUARED < /tmp/input]
[2015-10-16 10:20:56 INFO] Launching App: 16
[2015-10-16 10:20:56 INFO] Final launch command: echo "1.5e-16 216 90000 6 0 0 10000 0 8 6.212752" > /tmp/input  ; STATFILE= STATGEN= taskset -c 0-15  /home/jiajun/apoorve/ipdps/ieeeclusterproject/dmtcp/bin/dmtcp_launch -i 5 --with-plugin /home/jiajun/apoorve/ipdps/ieeeclusterproject/dmtcp/src/plugin/myplug/dmtcp_myplughijack.so --port 49707 --modify-env --no-gzip /home/jiajun/apoorve/ipdps/ieeeclusterproject/splash2_bench/codes/apps/water-nsquared/WATER-NSQUARED < /tmp/input >> /home/jiajun/apoorve/ipdps/ieeeclusterproject/log/init_app_and_chkpt_a.log 2>&1 
[2015-10-16 10:20:56 INFO] after launch: 16
dmtcp_coordinator starting...
    Host: node012 (172.16.0.22)
    Port: 48520
    Checkpoint Interval: 5
    Exit on last client: 1
Backgrounding...
dmtcp_coordinator starting...
    Host: node012 (172.16.0.22)
    Port: 49707
    Checkpoint Interval: 5
    Exit on last client: 1
Backgrounding...
Using 8 procs on 90000 steps of 216 mols
Other parameters:
	TSTEP = 1.50e-16
	NORDER = 6
	NSAVE = 0
	NRST = 0
	NPRINT = 10000
	NFMC = 0
	CUTOFF = 6.212752


TEMPERATURE                =   298.00 K
DENSITY                    =  0.99800 G/C.C.
NUMBER OF MOLECULES        =      216
NUMBER OF PROCESSORS       =        8
TIME STEP                  = 1.50e-01 SEC
ORDER USED TO SOLVE F=MA   =        6 
NO. OF TIME STEPS          =    90000 
FREQUENCY OF DATA SAVING   =        0 
FREQUENCY TO WRITE RST FILE=        0 
SPHERICAL CUTOFF RADIUS    =   6.2128 ANGSTROM

NS = 5.9999899999999995
BOXL =  18.638257
CUTOFF =   6.212752
XS =   3.106381
ZERO = 1.55319
WCOS = 0.585882
WSIN = 0.756950
***** NEW RUN STARTING FROM REGULAR LATTICE *****

Ocean simulation with W-cycle multigrid solver
    Processors                         : 8
    Grid size                          : 258 x 258
    Grid resolution (meters)           : 20000.00
    Time between relaxations (seconds) : 2
    Error tolerance                    : 1e-07



[2015-10-16 10:21:04 INFO] App Finished: 16
[2015-10-16 10:21:04 INFO] App Finished: 9
[2015-10-16 10:21:04 INFO] [Starting 18 : /home/jiajun/apoorve/ipdps/ieeeclusterproject/splash2_bench/codes/kernels/radix/RADIX -p8 -r16 -n2121440000 -m15]
[2015-10-16 10:21:04 INFO] Launching App: 18
[2015-10-16 10:21:04 INFO] Final launch command: STATFILE= STATGEN= taskset -c 0-15  /home/jiajun/apoorve/ipdps/ieeeclusterproject/dmtcp/bin/dmtcp_launch -i 5 --with-plugin /home/jiajun/apoorve/ipdps/ieeeclusterproject/dmtcp/src/plugin/myplug/dmtcp_myplughijack.so --port 46359 --modify-env --no-gzip /home/jiajun/apoorve/ipdps/ieeeclusterproject/splash2_bench/codes/kernels/radix/RADIX -p8 -r16 -n2121440000 -m15 >> /home/jiajun/apoorve/ipdps/ieeeclusterproject/log/init_app_and_chkpt_a.log 2>&1 
[2015-10-16 10:21:04 INFO] after launch: 18
[2015-10-16 10:21:04 INFO] [Starting 20 : echo "1.5e-16 216 90000 6 0 0 10000 0 8 6.212752" > /tmp/input ; /home/jiajun/apoorve/ipdps/ieeeclusterproject/splash2_bench/codes/apps/water-nsquared/WATER-NSQUARED < /tmp/input]
[2015-10-16 10:21:04 INFO] Launching App: 20
[2015-10-16 10:21:04 INFO] Final launch command: echo "1.5e-16 216 90000 6 0 0 10000 0 8 6.212752" > /tmp/input  ; STATFILE= STATGEN= taskset -c 0-15  /home/jiajun/apoorve/ipdps/ieeeclusterproject/dmtcp/bin/dmtcp_launch -i 5 --with-plugin /home/jiajun/apoorve/ipdps/ieeeclusterproject/dmtcp/src/plugin/myplug/dmtcp_myplughijack.so --port 56677 --modify-env --no-gzip /home/jiajun/apoorve/ipdps/ieeeclusterproject/splash2_bench/codes/apps/water-nsquared/WATER-NSQUARED < /tmp/input >> /home/jiajun/apoorve/ipdps/ieeeclusterproject/log/init_app_and_chkpt_a.log 2>&1 
[2015-10-16 10:21:04 INFO] after launch: 20
dmtcp_coordinator starting...
    Host: node012 (172.16.0.22)
    Port: 46359
    Checkpoint Interval: 5
    Exit on last client: 1
Backgrounding...
dmtcp_coordinator starting...
    Host: node012 (172.16.0.22)
    Port: 56677
    Checkpoint Interval: 5
    Exit on last client: 1
Backgrounding...
Using 8 procs on 90000 steps of 216 mols
Other parameters:
	TSTEP = 1.50e-16
	NORDER = 6
	NSAVE = 0
	NRST = 0
	NPRINT = 10000
	NFMC = 0
	CUTOFF = 6.212752


TEMPERATURE                =   298.00 K
DENSITY                    =  0.99800 G/C.C.
NUMBER OF MOLECULES        =      216
NUMBER OF PROCESSORS       =        8
TIME STEP                  = 1.50e-01 SEC
ORDER USED TO SOLVE F=MA   =        6 
NO. OF TIME STEPS          =    90000 
FREQUENCY OF DATA SAVING   =        0 
FREQUENCY TO WRITE RST FILE=        0 
SPHERICAL CUTOFF RADIUS    =   6.2128 ANGSTROM

NS = 5.9999899999999995
BOXL =  18.638257
CUTOFF =   6.212752
XS =   3.106381
ZERO = 1.55319
WCOS = 0.585882
WSIN = 0.756950
***** NEW RUN STARTING FROM REGULAR LATTICE *****

[2015-10-16 10:21:12 INFO] App Finished: 20
[2015-10-16 10:21:12 INFO] [Starting 11 : /home/jiajun/apoorve/ipdps/ieeeclusterproject/splash2_bench/codes/kernels/radix/RADIX -p8 -r16 -n2121440000 -m15]
[2015-10-16 10:21:12 INFO] Launching App: 11
[2015-10-16 10:21:12 INFO] Final launch command: STATFILE= STATGEN= taskset -c 0-15  /home/jiajun/apoorve/ipdps/ieeeclusterproject/dmtcp/bin/dmtcp_launch -i 5 --with-plugin /home/jiajun/apoorve/ipdps/ieeeclusterproject/dmtcp/src/plugin/myplug/dmtcp_myplughijack.so --port 36776 --modify-env --no-gzip /home/jiajun/apoorve/ipdps/ieeeclusterproject/splash2_bench/codes/kernels/radix/RADIX -p8 -r16 -n2121440000 -m15 >> /home/jiajun/apoorve/ipdps/ieeeclusterproject/log/init_app_and_chkpt_a.log 2>&1 
[2015-10-16 10:21:12 INFO] after launch: 11
dmtcp_coordinator starting...
    Host: node012 (172.16.0.22)
    Port: 36776
    Checkpoint Interval: 5
    Exit on last client: 1
Backgrounding...

Integer Radix Sort
     2121440000 Keys
     8 Processors
     Radix = 16
     Max key = 15


[2015-10-16 10:21:18 INFO] App Finished: 18

Integer Radix Sort
     2121440000 Keys
     8 Processors
     Radix = 16
     Max key = 15


[2015-10-16 10:21:26 INFO] App Finished: 11
[2015-10-16 10:21:26 INFO] End Time:  2015-10-16 10:21:26
