[2015-10-19 16:12:30 INFO] Begin Time:  2015-10-19 16:12:30
[2015-10-19 16:12:30 INFO] [Starting 8 : /home/mohan.ap/ipdps/ieeeclusterproject/splash2_bench/codes/apps/ocean/contiguous_partitions/OCEANC -n258 -p2 -e1e-07 -r20000 -t2]
[2015-10-19 16:12:31 INFO] Launching App: 8
[2015-10-19 16:12:31 INFO] Final launch command: STATFILE= STATGEN= taskset -c 0-15  /home/mohan.ap/ipdps/ieeeclusterproject/dmtcp/bin/dmtcp_launch -i 5 --with-plugin /home/mohan.ap/ipdps/ieeeclusterproject/dmtcp/src/plugin/myplug/dmtcp_myplughijack.so --port 48547 --modify-env --no-gzip /home/mohan.ap/ipdps/ieeeclusterproject/splash2_bench/codes/apps/ocean/contiguous_partitions/OCEANC -n258 -p2 -e1e-07 -r20000 -t2 >> /home/mohan.ap/ipdps/ieeeclusterproject/log/init_app_and_chkpt_a.log 2>&1 
[2015-10-19 16:12:31 INFO] after launch: 8
[2015-10-19 16:12:31 INFO] [Starting 12 : /home/mohan.ap/ipdps/ieeeclusterproject/splash2_bench/codes/kernels/radix/RADIX -p4 -r16 -n2121440000 -m15]
[2015-10-19 16:12:31 INFO] Launching App: 12
[2015-10-19 16:12:31 INFO] Final launch command: STATFILE= STATGEN= taskset -c 0-15  /home/mohan.ap/ipdps/ieeeclusterproject/dmtcp/bin/dmtcp_launch -i 5 --with-plugin /home/mohan.ap/ipdps/ieeeclusterproject/dmtcp/src/plugin/myplug/dmtcp_myplughijack.so --port 41589 --modify-env --no-gzip /home/mohan.ap/ipdps/ieeeclusterproject/splash2_bench/codes/kernels/radix/RADIX -p4 -r16 -n2121440000 -m15 >> /home/mohan.ap/ipdps/ieeeclusterproject/log/init_app_and_chkpt_a.log 2>&1 
[2015-10-19 16:12:31 INFO] after launch: 12
[2015-10-19 16:12:31 INFO] [Starting 5 : /home/mohan.ap/ipdps/ieeeclusterproject/splash2_bench/codes/kernels/lu/contiguous_blocks/LUC -n9500 -p1 -b8]
[2015-10-19 16:12:31 INFO] Launching App: 5
[2015-10-19 16:12:31 INFO] Final launch command: STATFILE= STATGEN= taskset -c 0-15  /home/mohan.ap/ipdps/ieeeclusterproject/dmtcp/bin/dmtcp_launch -i 5 --with-plugin /home/mohan.ap/ipdps/ieeeclusterproject/dmtcp/src/plugin/myplug/dmtcp_myplughijack.so --port 45002 --modify-env --no-gzip /home/mohan.ap/ipdps/ieeeclusterproject/splash2_bench/codes/kernels/lu/contiguous_blocks/LUC -n9500 -p1 -b8 >> /home/mohan.ap/ipdps/ieeeclusterproject/log/init_app_and_chkpt_a.log 2>&1 
[2015-10-19 16:12:31 INFO] after launch: 5
[2015-10-19 16:12:31 INFO] [Starting 4 : echo "1.5e-16 216 90000 6 0 0 10000 0 8 6.212752" > /tmp/input ; /home/mohan.ap/ipdps/ieeeclusterproject/splash2_bench/codes/apps/water-nsquared/WATER-NSQUARED < /tmp/input]
[2015-10-19 16:12:31 INFO] Launching App: 4
[2015-10-19 16:12:31 INFO] Final launch command: echo "1.5e-16 216 90000 6 0 0 10000 0 8 6.212752" > /tmp/input  ; STATFILE= STATGEN= taskset -c 0-15  /home/mohan.ap/ipdps/ieeeclusterproject/dmtcp/bin/dmtcp_launch -i 5 --with-plugin /home/mohan.ap/ipdps/ieeeclusterproject/dmtcp/src/plugin/myplug/dmtcp_myplughijack.so --port 51447 --modify-env --no-gzip /home/mohan.ap/ipdps/ieeeclusterproject/splash2_bench/codes/apps/water-nsquared/WATER-NSQUARED < /tmp/input >> /home/mohan.ap/ipdps/ieeeclusterproject/log/init_app_and_chkpt_a.log 2>&1 
[2015-10-19 16:12:31 INFO] after launch: 4
[2015-10-19 16:12:31 INFO] [Starting 7 : /home/mohan.ap/ipdps/ieeeclusterproject/splash2_bench/codes/kernels/lu/contiguous_blocks/LUC -n9500 -p1 -b8]
[2015-10-19 16:12:31 INFO] Launching App: 7
[2015-10-19 16:12:31 INFO] Final launch command: STATFILE= STATGEN= taskset -c 0-15  /home/mohan.ap/ipdps/ieeeclusterproject/dmtcp/bin/dmtcp_launch -i 5 --with-plugin /home/mohan.ap/ipdps/ieeeclusterproject/dmtcp/src/plugin/myplug/dmtcp_myplughijack.so --port 34829 --modify-env --no-gzip /home/mohan.ap/ipdps/ieeeclusterproject/splash2_bench/codes/kernels/lu/contiguous_blocks/LUC -n9500 -p1 -b8 >> /home/mohan.ap/ipdps/ieeeclusterproject/log/init_app_and_chkpt_a.log 2>&1 
[2015-10-19 16:12:31 INFO] after launch: 7
dmtcp_coordinator starting...
    Host: compute-2-002 (10.100.9.32)
    Port: 48547
    Checkpoint Interval: 5
    Exit on last client: 1
Backgrounding...
dmtcp_coordinator starting...
    Host: compute-2-002 (10.100.9.32)
    Port: 41589
    Checkpoint Interval: 5
    Exit on last client: 1
Backgrounding...
dmtcp_coordinator starting...
    Host: compute-2-002 (10.100.9.32)
    Port: 45002
    Checkpoint Interval: 5
    Exit on last client: 1
Backgrounding...
dmtcp_coordinator starting...
    Host: compute-2-002 (10.100.9.32)
    Port: 51447
    Checkpoint Interval: 5
    Exit on last client: 1
Backgrounding...
Using 8 procs on 90000 steps of 216 mols
Other parameters:
	TSTEP = 1.50e-16
	NORDER = 6
	NSAVE = 0
	NRST = 0
	NPRINT = 10000
	NFMC = 0
	CUTOFF = 6.212752


TEMPERATURE                =   298.00 K
DENSITY                    =  0.99800 G/C.C.
NUMBER OF MOLECULES        =      216
NUMBER OF PROCESSORS       =        8
TIME STEP                  = 1.50e-01 SEC
ORDER USED TO SOLVE F=MA   =        6 
NO. OF TIME STEPS          =    90000 
FREQUENCY OF DATA SAVING   =        0 
FREQUENCY TO WRITE RST FILE=        0 
SPHERICAL CUTOFF RADIUS    =   6.2128 ANGSTROM

NS = 5.9999899999999995
BOXL =  18.638257
CUTOFF =   6.212752
XS =   3.106381
ZERO = 1.55319
WCOS = 0.585882
WSIN = 0.756950
***** NEW RUN STARTING FROM REGULAR LATTICE *****
dmtcp_coordinator starting...
    Host: compute-2-002 (10.100.9.32)
    Port: 34829
    Checkpoint Interval: 5
    Exit on last client: 1
Backgrounding...

Ocean simulation with W-cycle multigrid solver
    Processors                         : 2
    Grid size                          : 258 x 258
    Grid resolution (meters)           : 20000.00
    Time between relaxations (seconds) : 2
    Error tolerance                    : 1e-07


[2015-10-19 16:12:37 INFO] App Finished: 8

[2015-10-19 16:12:39 INFO] App Finished: 4

Blocked Dense LU Factorization
     9500 by 9500 Matrix
     1 Processors
     8 by 8 Element Blocks




Blocked Dense LU Factorization
     9500 by 9500 Matrix
     1 Processors
     8 by 8 Element Blocks



[2015-10-19 16:12:47 INFO] App Finished: 5
[2015-10-19 16:12:47 INFO] App Finished: 7

Integer Radix Sort
     2121440000 Keys
     4 Processors
     Radix = 16
     Max key = 15


[2015-10-19 16:12:51 INFO] App Finished: 12
[2015-10-19 16:12:51 INFO] [Starting 1 : echo "1.5e-16 216 90000 6 0 0 10000 0 16 6.212752" > /tmp/input ; /home/mohan.ap/ipdps/ieeeclusterproject/splash2_bench/codes/apps/water-nsquared/WATER-NSQUARED < /tmp/input]
[2015-10-19 16:12:51 INFO] Launching App: 1
[2015-10-19 16:12:51 INFO] Final launch command: echo "1.5e-16 216 90000 6 0 0 10000 0 16 6.212752" > /tmp/input  ; STATFILE= STATGEN= taskset -c 0-15  /home/mohan.ap/ipdps/ieeeclusterproject/dmtcp/bin/dmtcp_launch -i 5 --with-plugin /home/mohan.ap/ipdps/ieeeclusterproject/dmtcp/src/plugin/myplug/dmtcp_myplughijack.so --port 58795 --modify-env --no-gzip /home/mohan.ap/ipdps/ieeeclusterproject/splash2_bench/codes/apps/water-nsquared/WATER-NSQUARED < /tmp/input >> /home/mohan.ap/ipdps/ieeeclusterproject/log/init_app_and_chkpt_a.log 2>&1 
[2015-10-19 16:12:51 INFO] after launch: 1
dmtcp_coordinator starting...
    Host: compute-2-002 (10.100.9.32)
    Port: 58795
    Checkpoint Interval: 5
    Exit on last client: 1
Backgrounding...
Using 16 procs on 90000 steps of 216 mols
Other parameters:
	TSTEP = 1.50e-16
	NORDER = 6
	NSAVE = 0
	NRST = 0
	NPRINT = 10000
	NFMC = 0
	CUTOFF = 6.212752


TEMPERATURE                =   298.00 K
DENSITY                    =  0.99800 G/C.C.
NUMBER OF MOLECULES        =      216
NUMBER OF PROCESSORS       =       16
TIME STEP                  = 1.50e-01 SEC
ORDER USED TO SOLVE F=MA   =        6 
NO. OF TIME STEPS          =    90000 
FREQUENCY OF DATA SAVING   =        0 
FREQUENCY TO WRITE RST FILE=        0 
SPHERICAL CUTOFF RADIUS    =   6.2128 ANGSTROM

NS = 5.9999899999999995
BOXL =  18.638257
CUTOFF =   6.212752
XS =   3.106381
ZERO = 1.55319
WCOS = 0.585882
WSIN = 0.756950
***** NEW RUN STARTING FROM REGULAR LATTICE *****

[2015-10-19 16:13:00 INFO] App Finished: 1
[2015-10-19 16:13:00 INFO] [Starting 19 : /home/mohan.ap/ipdps/ieeeclusterproject/splash2_bench/codes/apps/ocean/contiguous_partitions/OCEANC -n258 -p2 -e1e-07 -r20000 -t2]
[2015-10-19 16:13:00 INFO] Launching App: 19
[2015-10-19 16:13:00 INFO] Final launch command: STATFILE= STATGEN= taskset -c 0-15  /home/mohan.ap/ipdps/ieeeclusterproject/dmtcp/bin/dmtcp_launch -i 5 --with-plugin /home/mohan.ap/ipdps/ieeeclusterproject/dmtcp/src/plugin/myplug/dmtcp_myplughijack.so --port 47065 --modify-env --no-gzip /home/mohan.ap/ipdps/ieeeclusterproject/splash2_bench/codes/apps/ocean/contiguous_partitions/OCEANC -n258 -p2 -e1e-07 -r20000 -t2 >> /home/mohan.ap/ipdps/ieeeclusterproject/log/init_app_and_chkpt_a.log 2>&1 
[2015-10-19 16:13:00 INFO] after launch: 19
[2015-10-19 16:13:00 INFO] [Starting 13 : /home/mohan.ap/ipdps/ieeeclusterproject/splash2_bench/codes/kernels/lu/non_contiguous_blocks/LUNC -n9500 -p2 -b8]
[2015-10-19 16:13:00 INFO] Launching App: 13
[2015-10-19 16:13:00 INFO] Final launch command: STATFILE= STATGEN= taskset -c 0-15  /home/mohan.ap/ipdps/ieeeclusterproject/dmtcp/bin/dmtcp_launch -i 5 --with-plugin /home/mohan.ap/ipdps/ieeeclusterproject/dmtcp/src/plugin/myplug/dmtcp_myplughijack.so --port 42999 --modify-env --no-gzip /home/mohan.ap/ipdps/ieeeclusterproject/splash2_bench/codes/kernels/lu/non_contiguous_blocks/LUNC -n9500 -p2 -b8 >> /home/mohan.ap/ipdps/ieeeclusterproject/log/init_app_and_chkpt_a.log 2>&1 
[2015-10-19 16:13:00 INFO] after launch: 13
[2015-10-19 16:13:00 INFO] [Starting 2 : /home/mohan.ap/ipdps/ieeeclusterproject/splash2_bench/codes/kernels/radix/RADIX -p8 -r16 -n2121440000 -m15]
[2015-10-19 16:13:00 INFO] Launching App: 2
[2015-10-19 16:13:00 INFO] Final launch command: STATFILE= STATGEN= taskset -c 0-15  /home/mohan.ap/ipdps/ieeeclusterproject/dmtcp/bin/dmtcp_launch -i 5 --with-plugin /home/mohan.ap/ipdps/ieeeclusterproject/dmtcp/src/plugin/myplug/dmtcp_myplughijack.so --port 38308 --modify-env --no-gzip /home/mohan.ap/ipdps/ieeeclusterproject/splash2_bench/codes/kernels/radix/RADIX -p8 -r16 -n2121440000 -m15 >> /home/mohan.ap/ipdps/ieeeclusterproject/log/init_app_and_chkpt_a.log 2>&1 
[2015-10-19 16:13:00 INFO] after launch: 2
[2015-10-19 16:13:00 INFO] [Starting 15 : /home/mohan.ap/ipdps/ieeeclusterproject/splash2_bench/codes/kernels/lu/non_contiguous_blocks/LUNC -n9500 -p4 -b8]
[2015-10-19 16:13:00 INFO] Launching App: 15
[2015-10-19 16:13:00 INFO] Final launch command: STATFILE= STATGEN= taskset -c 0-15  /home/mohan.ap/ipdps/ieeeclusterproject/dmtcp/bin/dmtcp_launch -i 5 --with-plugin /home/mohan.ap/ipdps/ieeeclusterproject/dmtcp/src/plugin/myplug/dmtcp_myplughijack.so --port 56983 --modify-env --no-gzip /home/mohan.ap/ipdps/ieeeclusterproject/splash2_bench/codes/kernels/lu/non_contiguous_blocks/LUNC -n9500 -p4 -b8 >> /home/mohan.ap/ipdps/ieeeclusterproject/log/init_app_and_chkpt_a.log 2>&1 
[2015-10-19 16:13:00 INFO] after launch: 15
dmtcp_coordinator starting...
    Host: compute-2-002 (10.100.9.32)
    Port: 47065
    Checkpoint Interval: 5
    Exit on last client: 1
Backgrounding...
dmtcp_coordinator starting...
    Host: compute-2-002 (10.100.9.32)
    Port: 42999
    Checkpoint Interval: 5
    Exit on last client: 1
Backgrounding...
dmtcp_coordinator starting...
    Host: compute-2-002 (10.100.9.32)
    Port: 38308
    Checkpoint Interval: 5
    Exit on last client: 1
Backgrounding...
dmtcp_coordinator starting...
    Host: compute-2-002 (10.100.9.32)
    Port: 56983
    Checkpoint Interval: 5
    Exit on last client: 1
Backgrounding...

Ocean simulation with W-cycle multigrid solver
    Processors                         : 2
    Grid size                          : 258 x 258
    Grid resolution (meters)           : 20000.00
    Time between relaxations (seconds) : 2
    Error tolerance                    : 1e-07


[2015-10-19 16:13:06 INFO] App Finished: 19

Blocked Dense LU Factorization
     9500 by 9500 Matrix
     2 Processors
     8 by 8 Element Blocks



[2015-10-19 16:13:12 INFO] App Finished: 13

Blocked Dense LU Factorization
     9500 by 9500 Matrix
     4 Processors
     8 by 8 Element Blocks



[2015-10-19 16:13:14 INFO] App Finished: 15
[2015-10-19 16:13:14 INFO] [Starting 14 : /home/mohan.ap/ipdps/ieeeclusterproject/splash2_bench/codes/kernels/radix/RADIX -p8 -r16 -n2121440000 -m15]
[2015-10-19 16:13:17 INFO] Launching App: 14
[2015-10-19 16:13:17 INFO] Final launch command: STATFILE= STATGEN= taskset -c 0-15  /home/mohan.ap/ipdps/ieeeclusterproject/dmtcp/bin/dmtcp_launch -i 5 --with-plugin /home/mohan.ap/ipdps/ieeeclusterproject/dmtcp/src/plugin/myplug/dmtcp_myplughijack.so --port 52977 --modify-env --no-gzip /home/mohan.ap/ipdps/ieeeclusterproject/splash2_bench/codes/kernels/radix/RADIX -p8 -r16 -n2121440000 -m15 >> /home/mohan.ap/ipdps/ieeeclusterproject/log/init_app_and_chkpt_a.log 2>&1 
[2015-10-19 16:13:17 INFO] after launch: 14
dmtcp_coordinator starting...
    Host: compute-2-002 (10.100.9.32)
    Port: 52977
    Checkpoint Interval: 5
    Exit on last client: 1
Backgrounding...

Integer Radix Sort
     2121440000 Keys
     8 Processors
     Radix = 16
     Max key = 15


[2015-10-19 16:13:23 INFO] App Finished: 2
[2015-10-19 16:13:23 INFO] [Starting 3 : /home/mohan.ap/ipdps/ieeeclusterproject/splash2_bench/codes/kernels/radix/RADIX -p8 -r16 -n2121440000 -m15]
[2015-10-19 16:13:23 INFO] Launching App: 3
[2015-10-19 16:13:23 INFO] Final launch command: STATFILE= STATGEN= taskset -c 0-15  /home/mohan.ap/ipdps/ieeeclusterproject/dmtcp/bin/dmtcp_launch -i 5 --with-plugin /home/mohan.ap/ipdps/ieeeclusterproject/dmtcp/src/plugin/myplug/dmtcp_myplughijack.so --port 49805 --modify-env --no-gzip /home/mohan.ap/ipdps/ieeeclusterproject/splash2_bench/codes/kernels/radix/RADIX -p8 -r16 -n2121440000 -m15 >> /home/mohan.ap/ipdps/ieeeclusterproject/log/init_app_and_chkpt_a.log 2>&1 
[2015-10-19 16:13:23 INFO] after launch: 3
dmtcp_coordinator starting...
    Host: compute-2-002 (10.100.9.32)
    Port: 49805
    Checkpoint Interval: 5
    Exit on last client: 1
Backgrounding...

Integer Radix Sort
     2121440000 Keys
     8 Processors
     Radix = 16
     Max key = 15


[2015-10-19 16:13:41 INFO] App Finished: 14
[2015-10-19 16:13:41 INFO] [Starting 17 : /home/mohan.ap/ipdps/ieeeclusterproject/splash2_bench/codes/kernels/radix/RADIX -p8 -r16 -n2121440000 -m15]
[2015-10-19 16:13:43 INFO] Launching App: 17
[2015-10-19 16:13:43 INFO] Final launch command: STATFILE= STATGEN= taskset -c 0-15  /home/mohan.ap/ipdps/ieeeclusterproject/dmtcp/bin/dmtcp_launch -i 5 --with-plugin /home/mohan.ap/ipdps/ieeeclusterproject/dmtcp/src/plugin/myplug/dmtcp_myplughijack.so --port 53762 --modify-env --no-gzip /home/mohan.ap/ipdps/ieeeclusterproject/splash2_bench/codes/kernels/radix/RADIX -p8 -r16 -n2121440000 -m15 >> /home/mohan.ap/ipdps/ieeeclusterproject/log/init_app_and_chkpt_a.log 2>&1 
[2015-10-19 16:13:43 INFO] after launch: 17
dmtcp_coordinator starting...
    Host: compute-2-002 (10.100.9.32)
    Port: 53762
    Checkpoint Interval: 5
    Exit on last client: 1
Backgrounding...

Integer Radix Sort
     2121440000 Keys
     8 Processors
     Radix = 16
     Max key = 15


[2015-10-19 16:13:47 INFO] App Finished: 3

Integer Radix Sort
     2121440000 Keys
     8 Processors
     Radix = 16
     Max key = 15


[2015-10-19 16:14:07 INFO] App Finished: 17
[2015-10-19 16:14:07 INFO] [Starting 6 : echo "1.5e-16 216 90000 6 0 0 10000 0 16 6.212752" > /tmp/input ; /home/mohan.ap/ipdps/ieeeclusterproject/splash2_bench/codes/apps/water-nsquared/WATER-NSQUARED < /tmp/input]
[2015-10-19 16:14:07 INFO] Launching App: 6
[2015-10-19 16:14:07 INFO] Final launch command: echo "1.5e-16 216 90000 6 0 0 10000 0 16 6.212752" > /tmp/input  ; STATFILE= STATGEN= taskset -c 0-15  /home/mohan.ap/ipdps/ieeeclusterproject/dmtcp/bin/dmtcp_launch -i 5 --with-plugin /home/mohan.ap/ipdps/ieeeclusterproject/dmtcp/src/plugin/myplug/dmtcp_myplughijack.so --port 53419 --modify-env --no-gzip /home/mohan.ap/ipdps/ieeeclusterproject/splash2_bench/codes/apps/water-nsquared/WATER-NSQUARED < /tmp/input >> /home/mohan.ap/ipdps/ieeeclusterproject/log/init_app_and_chkpt_a.log 2>&1 
[2015-10-19 16:14:07 INFO] after launch: 6
dmtcp_coordinator starting...
    Host: compute-2-002 (10.100.9.32)
    Port: 53419
    Checkpoint Interval: 5
    Exit on last client: 1
Backgrounding...
Using 16 procs on 90000 steps of 216 mols
Other parameters:
	TSTEP = 1.50e-16
	NORDER = 6
	NSAVE = 0
	NRST = 0
	NPRINT = 10000
	NFMC = 0
	CUTOFF = 6.212752


TEMPERATURE                =   298.00 K
DENSITY                    =  0.99800 G/C.C.
NUMBER OF MOLECULES        =      216
NUMBER OF PROCESSORS       =       16
TIME STEP                  = 1.50e-01 SEC
ORDER USED TO SOLVE F=MA   =        6 
NO. OF TIME STEPS          =    90000 
FREQUENCY OF DATA SAVING   =        0 
FREQUENCY TO WRITE RST FILE=        0 
SPHERICAL CUTOFF RADIUS    =   6.2128 ANGSTROM

NS = 5.9999899999999995
BOXL =  18.638257
CUTOFF =   6.212752
XS =   3.106381
ZERO = 1.55319
WCOS = 0.585882
WSIN = 0.756950
***** NEW RUN STARTING FROM REGULAR LATTICE *****

[2015-10-19 16:14:15 INFO] App Finished: 6
[2015-10-19 16:14:15 INFO] [Starting 10 : echo "1.5e-16 216 90000 6 0 0 10000 0 16 6.212752" > /tmp/input ; /home/mohan.ap/ipdps/ieeeclusterproject/splash2_bench/codes/apps/water-nsquared/WATER-NSQUARED < /tmp/input]
[2015-10-19 16:14:15 INFO] Launching App: 10
[2015-10-19 16:14:15 INFO] Final launch command: echo "1.5e-16 216 90000 6 0 0 10000 0 16 6.212752" > /tmp/input  ; STATFILE= STATGEN= taskset -c 0-15  /home/mohan.ap/ipdps/ieeeclusterproject/dmtcp/bin/dmtcp_launch -i 5 --with-plugin /home/mohan.ap/ipdps/ieeeclusterproject/dmtcp/src/plugin/myplug/dmtcp_myplughijack.so --port 34616 --modify-env --no-gzip /home/mohan.ap/ipdps/ieeeclusterproject/splash2_bench/codes/apps/water-nsquared/WATER-NSQUARED < /tmp/input >> /home/mohan.ap/ipdps/ieeeclusterproject/log/init_app_and_chkpt_a.log 2>&1 
[2015-10-19 16:14:15 INFO] after launch: 10
dmtcp_coordinator starting...
    Host: compute-2-002 (10.100.9.32)
    Port: 34616
    Checkpoint Interval: 5
    Exit on last client: 1
Backgrounding...
Using 16 procs on 90000 steps of 216 mols
Other parameters:
	TSTEP = 1.50e-16
	NORDER = 6
	NSAVE = 0
	NRST = 0
	NPRINT = 10000
	NFMC = 0
	CUTOFF = 6.212752


TEMPERATURE                =   298.00 K
DENSITY                    =  0.99800 G/C.C.
NUMBER OF MOLECULES        =      216
NUMBER OF PROCESSORS       =       16
TIME STEP                  = 1.50e-01 SEC
ORDER USED TO SOLVE F=MA   =        6 
NO. OF TIME STEPS          =    90000 
FREQUENCY OF DATA SAVING   =        0 
FREQUENCY TO WRITE RST FILE=        0 
SPHERICAL CUTOFF RADIUS    =   6.2128 ANGSTROM

NS = 5.9999899999999995
BOXL =  18.638257
CUTOFF =   6.212752
XS =   3.106381
ZERO = 1.55319
WCOS = 0.585882
WSIN = 0.756950
***** NEW RUN STARTING FROM REGULAR LATTICE *****

[2015-10-19 16:14:23 INFO] App Finished: 10
[2015-10-19 16:14:23 INFO] [Starting 9 : /home/mohan.ap/ipdps/ieeeclusterproject/splash2_bench/codes/apps/ocean/contiguous_partitions/OCEANC -n258 -p8 -e1e-07 -r20000 -t2]
[2015-10-19 16:14:23 INFO] Launching App: 9
[2015-10-19 16:14:23 INFO] Final launch command: STATFILE= STATGEN= taskset -c 0-15  /home/mohan.ap/ipdps/ieeeclusterproject/dmtcp/bin/dmtcp_launch -i 5 --with-plugin /home/mohan.ap/ipdps/ieeeclusterproject/dmtcp/src/plugin/myplug/dmtcp_myplughijack.so --port 49639 --modify-env --no-gzip /home/mohan.ap/ipdps/ieeeclusterproject/splash2_bench/codes/apps/ocean/contiguous_partitions/OCEANC -n258 -p8 -e1e-07 -r20000 -t2 >> /home/mohan.ap/ipdps/ieeeclusterproject/log/init_app_and_chkpt_a.log 2>&1 
[2015-10-19 16:14:23 INFO] after launch: 9
[2015-10-19 16:14:23 INFO] [Starting 16 : echo "1.5e-16 216 90000 6 0 0 10000 0 8 6.212752" > /tmp/input ; /home/mohan.ap/ipdps/ieeeclusterproject/splash2_bench/codes/apps/water-nsquared/WATER-NSQUARED < /tmp/input]
[2015-10-19 16:14:23 INFO] Launching App: 16
[2015-10-19 16:14:23 INFO] Final launch command: echo "1.5e-16 216 90000 6 0 0 10000 0 8 6.212752" > /tmp/input  ; STATFILE= STATGEN= taskset -c 0-15  /home/mohan.ap/ipdps/ieeeclusterproject/dmtcp/bin/dmtcp_launch -i 5 --with-plugin /home/mohan.ap/ipdps/ieeeclusterproject/dmtcp/src/plugin/myplug/dmtcp_myplughijack.so --port 49921 --modify-env --no-gzip /home/mohan.ap/ipdps/ieeeclusterproject/splash2_bench/codes/apps/water-nsquared/WATER-NSQUARED < /tmp/input >> /home/mohan.ap/ipdps/ieeeclusterproject/log/init_app_and_chkpt_a.log 2>&1 
[2015-10-19 16:14:23 INFO] after launch: 16
dmtcp_coordinator starting...
    Host: compute-2-002 (10.100.9.32)
    Port: 49639
    Checkpoint Interval: 5
    Exit on last client: 1
Backgrounding...
dmtcp_coordinator starting...
    Host: compute-2-002 (10.100.9.32)
    Port: 49921
    Checkpoint Interval: 5
    Exit on last client: 1
Backgrounding...
Using 8 procs on 90000 steps of 216 mols
Other parameters:
	TSTEP = 1.50e-16
	NORDER = 6
	NSAVE = 0
	NRST = 0
	NPRINT = 10000
	NFMC = 0
	CUTOFF = 6.212752


TEMPERATURE                =   298.00 K
DENSITY                    =  0.99800 G/C.C.
NUMBER OF MOLECULES        =      216
NUMBER OF PROCESSORS       =        8
TIME STEP                  = 1.50e-01 SEC
ORDER USED TO SOLVE F=MA   =        6 
NO. OF TIME STEPS          =    90000 
FREQUENCY OF DATA SAVING   =        0 
FREQUENCY TO WRITE RST FILE=        0 
SPHERICAL CUTOFF RADIUS    =   6.2128 ANGSTROM

NS = 5.9999899999999995
BOXL =  18.638257
CUTOFF =   6.212752
XS =   3.106381
ZERO = 1.55319
WCOS = 0.585882
WSIN = 0.756950
***** NEW RUN STARTING FROM REGULAR LATTICE *****

Ocean simulation with W-cycle multigrid solver
    Processors                         : 8
    Grid size                          : 258 x 258
    Grid resolution (meters)           : 20000.00
    Time between relaxations (seconds) : 2
    Error tolerance                    : 1e-07



[2015-10-19 16:14:31 INFO] App Finished: 16
[2015-10-19 16:14:31 INFO] App Finished: 9
[2015-10-19 16:14:31 INFO] [Starting 18 : /home/mohan.ap/ipdps/ieeeclusterproject/splash2_bench/codes/kernels/radix/RADIX -p8 -r16 -n2121440000 -m15]
[2015-10-19 16:14:31 INFO] Launching App: 18
[2015-10-19 16:14:31 INFO] Final launch command: STATFILE= STATGEN= taskset -c 0-15  /home/mohan.ap/ipdps/ieeeclusterproject/dmtcp/bin/dmtcp_launch -i 5 --with-plugin /home/mohan.ap/ipdps/ieeeclusterproject/dmtcp/src/plugin/myplug/dmtcp_myplughijack.so --port 60147 --modify-env --no-gzip /home/mohan.ap/ipdps/ieeeclusterproject/splash2_bench/codes/kernels/radix/RADIX -p8 -r16 -n2121440000 -m15 >> /home/mohan.ap/ipdps/ieeeclusterproject/log/init_app_and_chkpt_a.log 2>&1 
[2015-10-19 16:14:31 INFO] after launch: 18
[2015-10-19 16:14:31 INFO] [Starting 20 : echo "1.5e-16 216 90000 6 0 0 10000 0 8 6.212752" > /tmp/input ; /home/mohan.ap/ipdps/ieeeclusterproject/splash2_bench/codes/apps/water-nsquared/WATER-NSQUARED < /tmp/input]
[2015-10-19 16:14:31 INFO] Launching App: 20
[2015-10-19 16:14:31 INFO] Final launch command: echo "1.5e-16 216 90000 6 0 0 10000 0 8 6.212752" > /tmp/input  ; STATFILE= STATGEN= taskset -c 0-15  /home/mohan.ap/ipdps/ieeeclusterproject/dmtcp/bin/dmtcp_launch -i 5 --with-plugin /home/mohan.ap/ipdps/ieeeclusterproject/dmtcp/src/plugin/myplug/dmtcp_myplughijack.so --port 34909 --modify-env --no-gzip /home/mohan.ap/ipdps/ieeeclusterproject/splash2_bench/codes/apps/water-nsquared/WATER-NSQUARED < /tmp/input >> /home/mohan.ap/ipdps/ieeeclusterproject/log/init_app_and_chkpt_a.log 2>&1 
[2015-10-19 16:14:31 INFO] after launch: 20
dmtcp_coordinator starting...
    Host: compute-2-002 (10.100.9.32)
    Port: 60147
    Checkpoint Interval: 5
    Exit on last client: 1
Backgrounding...
dmtcp_coordinator starting...
    Host: compute-2-002 (10.100.9.32)
    Port: 34909
    Checkpoint Interval: 5
    Exit on last client: 1
Backgrounding...
Using 8 procs on 90000 steps of 216 mols
Other parameters:
	TSTEP = 1.50e-16
	NORDER = 6
	NSAVE = 0
	NRST = 0
	NPRINT = 10000
	NFMC = 0
	CUTOFF = 6.212752


TEMPERATURE                =   298.00 K
DENSITY                    =  0.99800 G/C.C.
NUMBER OF MOLECULES        =      216
NUMBER OF PROCESSORS       =        8
TIME STEP                  = 1.50e-01 SEC
ORDER USED TO SOLVE F=MA   =        6 
NO. OF TIME STEPS          =    90000 
FREQUENCY OF DATA SAVING   =        0 
FREQUENCY TO WRITE RST FILE=        0 
SPHERICAL CUTOFF RADIUS    =   6.2128 ANGSTROM

NS = 5.9999899999999995
BOXL =  18.638257
CUTOFF =   6.212752
XS =   3.106381
ZERO = 1.55319
WCOS = 0.585882
WSIN = 0.756950
***** NEW RUN STARTING FROM REGULAR LATTICE *****

[2015-10-19 16:14:39 INFO] App Finished: 20
[2015-10-19 16:14:39 INFO] [Starting 11 : /home/mohan.ap/ipdps/ieeeclusterproject/splash2_bench/codes/kernels/radix/RADIX -p8 -r16 -n2121440000 -m15]
[2015-10-19 16:14:40 INFO] Launching App: 11
[2015-10-19 16:14:40 INFO] Final launch command: STATFILE= STATGEN= taskset -c 0-15  /home/mohan.ap/ipdps/ieeeclusterproject/dmtcp/bin/dmtcp_launch -i 5 --with-plugin /home/mohan.ap/ipdps/ieeeclusterproject/dmtcp/src/plugin/myplug/dmtcp_myplughijack.so --port 48022 --modify-env --no-gzip /home/mohan.ap/ipdps/ieeeclusterproject/splash2_bench/codes/kernels/radix/RADIX -p8 -r16 -n2121440000 -m15 >> /home/mohan.ap/ipdps/ieeeclusterproject/log/init_app_and_chkpt_a.log 2>&1 
[2015-10-19 16:14:40 INFO] after launch: 11
dmtcp_coordinator starting...
    Host: compute-2-002 (10.100.9.32)
    Port: 48022
    Checkpoint Interval: 5
    Exit on last client: 1
Backgrounding...

Integer Radix Sort
     2121440000 Keys
     8 Processors
     Radix = 16
     Max key = 15


[2015-10-19 16:15:06 INFO] App Finished: 18

Integer Radix Sort
     2121440000 Keys
     8 Processors
     Radix = 16
     Max key = 15


[2015-10-19 16:15:08 INFO] App Finished: 11
[2015-10-19 16:15:08 INFO] End Time:  2015-10-19 16:15:08
